[16-Oct-2011 08:20:48] exception 'PDOException' with message 'SQLSTATE[28000] [1045] Access denied for user 'folio_user'@'localhost' (using password: YES)' in /Library/WebServer/Documents/folio/library/util/Pdo_Driver.php:42
Stack trace:
#0 /Library/WebServer/Documents/folio/library/util/Pdo_Driver.php(42): PDO->__construct('mysql:host=loca...', 'folio_user', 'folio', Array)
#1 /Library/WebServer/Documents/folio/library/core/Database.php(62): LAIKA_Pdo_Driver::connect()
#2 /Library/WebServer/Documents/folio/library/core/Database.php(78): LAIKA_Database->load_database_driver('LAIKA_Pdo_Drive...')
#3 /Library/WebServer/Documents/folio/library/core/Controller.php(54): LAIKA_Database->connect('mysql')
#4 /Library/WebServer/Documents/folio/library/kernel/Engine.php(100): LAIKA_Controller::process(Object(LAIKA_Command))
#5 /Library/WebServer/Documents/folio/library/kernel/Engine.php(63): LAIKA_Engine->configure()
#6 /Library/WebServer/Documents/folio/public/index.php(76): LAIKA_Engine::init()
#7 {main}
[16-Oct-2011 08:21:52] exception 'PDOException' with message 'SQLSTATE[28000] [1045] Access denied for user 'folio_user'@'localhost' (using password: YES)' in /Library/WebServer/Documents/folio/library/util/Pdo_Driver.php:42
Stack trace:
#0 /Library/WebServer/Documents/folio/library/util/Pdo_Driver.php(42): PDO->__construct('mysql:host=loca...', 'folio_user', 'folio', Array)
#1 /Library/WebServer/Documents/folio/library/core/Database.php(62): LAIKA_Pdo_Driver::connect()
#2 /Library/WebServer/Documents/folio/library/core/Database.php(78): LAIKA_Database->load_database_driver('LAIKA_Pdo_Drive...')
#3 /Library/WebServer/Documents/folio/library/core/Controller.php(54): LAIKA_Database->connect('mysql')
#4 /Library/WebServer/Documents/folio/library/kernel/Engine.php(100): LAIKA_Controller::process(Object(LAIKA_Command))
#5 /Library/WebServer/Documents/folio/library/kernel/Engine.php(63): LAIKA_Engine->configure()
#6 /Library/WebServer/Documents/folio/public/index.php(76): LAIKA_Engine::init()
#7 {main}
[16-Oct-2011 08:21:54] exception 'PDOException' with message 'SQLSTATE[28000] [1045] Access denied for user 'folio_user'@'localhost' (using password: YES)' in /Library/WebServer/Documents/folio/library/util/Pdo_Driver.php:42
Stack trace:
#0 /Library/WebServer/Documents/folio/library/util/Pdo_Driver.php(42): PDO->__construct('mysql:host=loca...', 'folio_user', 'folio', Array)
#1 /Library/WebServer/Documents/folio/library/core/Database.php(62): LAIKA_Pdo_Driver::connect()
#2 /Library/WebServer/Documents/folio/library/core/Database.php(78): LAIKA_Database->load_database_driver('LAIKA_Pdo_Drive...')
#3 /Library/WebServer/Documents/folio/library/core/Controller.php(54): LAIKA_Database->connect('mysql')
#4 /Library/WebServer/Documents/folio/library/kernel/Engine.php(100): LAIKA_Controller::process(Object(LAIKA_Command))
#5 /Library/WebServer/Documents/folio/library/kernel/Engine.php(63): LAIKA_Engine->configure()
#6 /Library/WebServer/Documents/folio/public/index.php(76): LAIKA_Engine::init()
#7 {main}
[16-Oct-2011 08:21:57] exception 'PDOException' with message 'SQLSTATE[28000] [1045] Access denied for user 'folio_user'@'localhost' (using password: YES)' in /Library/WebServer/Documents/folio/library/util/Pdo_Driver.php:42
Stack trace:
#0 /Library/WebServer/Documents/folio/library/util/Pdo_Driver.php(42): PDO->__construct('mysql:host=loca...', 'folio_user', 'folio', Array)
#1 /Library/WebServer/Documents/folio/library/core/Database.php(62): LAIKA_Pdo_Driver::connect()
#2 /Library/WebServer/Documents/folio/library/core/Database.php(78): LAIKA_Database->load_database_driver('LAIKA_Pdo_Drive...')
#3 /Library/WebServer/Documents/folio/library/core/Controller.php(54): LAIKA_Database->connect('mysql')
#4 /Library/WebServer/Documents/folio/library/kernel/Engine.php(100): LAIKA_Controller::process(Object(LAIKA_Command))
#5 /Library/WebServer/Documents/folio/library/kernel/Engine.php(63): LAIKA_Engine->configure()
#6 /Library/WebServer/Documents/folio/public/index.php(76): LAIKA_Engine::init()
#7 {main}
[16-Oct-2011 08:23:50] exception 'PDOException' with message 'SQLSTATE[28000] [1045] Access denied for user 'folio_user'@'localhost' (using password: YES)' in /Library/WebServer/Documents/folio/library/util/Pdo_Driver.php:42
Stack trace:
#0 /Library/WebServer/Documents/folio/library/util/Pdo_Driver.php(42): PDO->__construct('mysql:host=loca...', 'folio_user', 'folio', Array)
#1 /Library/WebServer/Documents/folio/library/core/Database.php(62): LAIKA_Pdo_Driver::connect()
#2 /Library/WebServer/Documents/folio/library/core/Database.php(78): LAIKA_Database->load_database_driver('LAIKA_Pdo_Drive...')
#3 /Library/WebServer/Documents/folio/library/core/Controller.php(54): LAIKA_Database->connect('mysql')
#4 /Library/WebServer/Documents/folio/library/kernel/Engine.php(100): LAIKA_Controller::process(Object(LAIKA_Command))
#5 /Library/WebServer/Documents/folio/library/kernel/Engine.php(63): LAIKA_Engine->configure()
#6 /Library/WebServer/Documents/folio/public/index.php(76): LAIKA_Engine::init()
#7 {main}
[16-Oct-2011 08:23:52] exception 'PDOException' with message 'SQLSTATE[28000] [1045] Access denied for user 'folio_user'@'localhost' (using password: YES)' in /Library/WebServer/Documents/folio/library/util/Pdo_Driver.php:42
Stack trace:
#0 /Library/WebServer/Documents/folio/library/util/Pdo_Driver.php(42): PDO->__construct('mysql:host=loca...', 'folio_user', 'folio', Array)
#1 /Library/WebServer/Documents/folio/library/core/Database.php(62): LAIKA_Pdo_Driver::connect()
#2 /Library/WebServer/Documents/folio/library/core/Database.php(78): LAIKA_Database->load_database_driver('LAIKA_Pdo_Drive...')
#3 /Library/WebServer/Documents/folio/library/core/Controller.php(54): LAIKA_Database->connect('mysql')
#4 /Library/WebServer/Documents/folio/library/kernel/Engine.php(100): LAIKA_Controller::process(Object(LAIKA_Command))
#5 /Library/WebServer/Documents/folio/library/kernel/Engine.php(63): LAIKA_Engine->configure()
#6 /Library/WebServer/Documents/folio/public/index.php(76): LAIKA_Engine::init()
#7 {main}
[16-Oct-2011 09:46:48] exception 'ErrorException' with message 'Undefined variable: content' in /Library/WebServer/Documents/folio/application/view/shared/default_template.php:90
Stack trace:
#0 /Library/WebServer/Documents/folio/application/view/shared/default_template.php(90): LAIKA_Error->error_handler(8, 'Undefined varia...', '/Library/WebSer...', 90, Array)
#1 /Library/WebServer/Documents/folio/library/core/abstract/Abstract_Page.php(36): include_once('/Library/WebSer...')
#2 /Library/WebServer/Documents/folio/library/core/abstract/Abstract_Page_Controller.php(27): LAIKA_Abstract_Page->render_page(Array)
#3 /Library/WebServer/Documents/folio/application/control/Home_Controller.php(28): LAIKA_Abstract_Page_Controller->display(Array)
#4 /Library/WebServer/Documents/folio/library/core/abstract/Abstract_Page_Controller.php(48): FOLIO_Home_Controller->default_action()
#5 /Library/WebServer/Documents/folio/library/core/Application_Controller.php(69): LAIKA_Abstract_Page_Controller->action_handler('default', NULL)
#6 /Library/WebServer/Documents/folio/library/core/Application_Controller.php(49): LAIKA_Application_Controller->invoke_target('home', 'default', NULL)
#7 /Library/WebServer/Documents/folio/library/core/Controller.php(54): LAIKA_Application_Controller->call_target(Array)
#8 /Library/WebServer/Documents/folio/library/core/Router.php(95): LAIKA_Controller::process(Object(LAIKA_Command))
#9 /Library/WebServer/Documents/folio/library/core/Controller.php(54): LAIKA_Router->redirect('/folio/')
#10 /Library/WebServer/Documents/folio/library/kernel/Engine.php(123): LAIKA_Controller::process(Object(LAIKA_Command))
#11 /Library/WebServer/Documents/folio/public/index.php(76): LAIKA_Engine->execute('/folio/')
#12 {main}
